<?xml version="1.0" encoding="UTF-8"?>
<!-- Generated by org.testng.reporters.JUnitXMLReporter -->
<testsuite hostname="an-test" name="GET-Eureka2-movie-env" tests="1" failures="1" timestamp="26 Oct 2016 09:31:20 GMT" time="0.349" errors="0">
  <testcase name="getTest" time="0.347" classname="com.bluemeric.test.GenerateTest">
    <failure type="java.lang.AssertionError" message="Expected response code is 200. But got 404. Hence failed the test.">
      <![CDATA[java.lang.AssertionError: Expected response code is 200. But got 404. Hence failed the test.
	at com.bluemeric.test.GenerateTest.getTest(Unknown Source)
	at com.bluemeric.test.RunTest.runTests(Unknown Source)
	at com.bluemeric.test.RunTest.main(Unknown Source)
... Removed 22 stack frames]]>
    </failure>
  </testcase> <!-- getTest -->
</testsuite> <!-- GET-Eureka2-movie-env -->
