<?xml version="1.0" encoding="UTF-8"?>
<!-- Generated by org.testng.reporters.JUnitXMLReporter -->
<testsuite hostname="an-test" name="GET-Eureka" tests="1" failures="1" timestamp="26 Oct 2016 09:31:18 GMT" time="1.392" errors="0">
  <testcase name="getTest" time="1.373" classname="com.bluemeric.test.GenerateTest">
    <failure type="java.lang.AssertionError" message="Expected response is Instances currently registered with Eureka. But received reponse = &amp;lt;!DOCTYPE html PUBLIC &amp;quot;-//W3C//DTD HTML 4.01 Transitional//EN&amp;quot; &amp;quot;http://www.w3.org/TR/html4/loose.dtd&amp;quot;&amp;gt;
&amp;lt;html&amp;gt;
&amp;lt;head&amp;gt;
&amp;lt;base href=&amp;quot;/hystrix&amp;quot;&amp;gt;
&amp;lt;meta http-equiv=&amp;quot;Content-Type&amp;quot; content=&amp;quot;text/html; charset=ISO-8859-1&amp;quot;&amp;gt;
&amp;lt;title&amp;gt;Hystrix Dashboard&amp;lt;/title&amp;gt;

	&amp;lt;!-- Javascript to monitor and display --&amp;gt;
	&amp;lt;script src=&amp;quot;/webjars/jquery/2.1.1/jquery.min.js&amp;quot; type=&amp;quot;text/javascript&amp;quot;&amp;gt;&amp;lt;/script&amp;gt;
	
	&amp;lt;script&amp;gt;
		function sendToMonitor() {
			
			if($(&amp;apos;#stream&amp;apos;).val().length &amp;gt; 0) {
				var url = &amp;quot;/hystrix/monitor?stream=&amp;quot; + encodeURIComponent($(&amp;apos;#stream&amp;apos;).val()) + &amp;quot;&amp;quot;;
				if($(&amp;apos;#delay&amp;apos;).val().length &amp;gt; 0) {	
					url += &amp;quot;&amp;amp;delay=&amp;quot; + $(&amp;apos;#delay&amp;apos;).val();
				}
				if($(&amp;apos;#title&amp;apos;).val().length &amp;gt; 0) {	
					url += &amp;quot;&amp;amp;title=&amp;quot; + encodeURIComponent($(&amp;apos;#title&amp;apos;).val());
				}
				location.href= url;
			} else {
				$(&amp;apos;#message&amp;apos;).html(&amp;quot;The &amp;apos;stream&amp;apos; value is required.&amp;quot;);
			}
		}
	&amp;lt;/script&amp;gt;
&amp;lt;/head&amp;gt;
&amp;lt;body&amp;gt;
&amp;lt;div style=&amp;quot;width:800px;margin:0 auto;&amp;quot;&amp;gt;
	
	&amp;lt;center&amp;gt;
	&amp;lt;img width=&amp;quot;264&amp;quot; height=&amp;quot;233&amp;quot; src=&amp;quot;/hystrix/images/hystrix-logo.png&amp;quot;&amp;gt;
	&amp;lt;br&amp;gt;
	&amp;lt;br&amp;gt;
	
	&amp;lt;h2&amp;gt;Hystrix Dashboard&amp;lt;/h2&amp;gt;
	&amp;lt;input id=&amp;quot;stream&amp;quot; type=&amp;quot;textfield&amp;quot; size=&amp;quot;120&amp;quot; placeholder=&amp;quot;http://hostname:port/turbine/turbine.stream&amp;quot;&amp;gt;&amp;lt;/input&amp;gt;
	&amp;lt;br&amp;gt;&amp;lt;br&amp;gt;
	&amp;lt;i&amp;gt;Cluster via Turbine (default cluster):&amp;lt;/i&amp;gt; http://turbine-hostname:port/turbine.stream
	&amp;lt;br&amp;gt;
	&amp;lt;i&amp;gt;Cluster via Turbine (custom cluster):&amp;lt;/i&amp;gt; http://turbine-hostname:port/turbine.stream?cluster=[clusterName]
	&amp;lt;br&amp;gt;
	&amp;lt;i&amp;gt;Single Hystrix App:&amp;lt;/i&amp;gt; http://hystrix-app:port/hystrix.stream
	&amp;lt;br&amp;gt;&amp;lt;br&amp;gt;
	Delay: &amp;lt;input id=&amp;quot;delay&amp;quot; type=&amp;quot;textfield&amp;quot; size=&amp;quot;10&amp;quot; placeholder=&amp;quot;2000&amp;quot;&amp;gt;&amp;lt;/input&amp;gt;ms 
	&amp;amp;nbsp;&amp;amp;nbsp;&amp;amp;nbsp;&amp;amp;nbsp; 
	Title: &amp;lt;input id=&amp;quot;title&amp;quot; type=&amp;quot;textfield&amp;quot; size=&amp;quot;60&amp;quot; placeholder=&amp;quot;Example Hystrix App&amp;quot;&amp;gt;&amp;lt;/input&amp;gt;&amp;lt;br&amp;gt;
	&amp;lt;br&amp;gt;
	&amp;lt;button onclick=&amp;quot;sendToMonitor()&amp;quot;&amp;gt;Monitor Stream&amp;lt;/button&amp;gt;
	&amp;lt;br&amp;gt;&amp;lt;br&amp;gt;
	&amp;lt;div id=&amp;quot;message&amp;quot; style=&amp;quot;color:red&amp;quot;&amp;gt;&amp;lt;/div&amp;gt;
	
	&amp;lt;/center&amp;gt;
&amp;lt;/div&amp;gt;
&amp;lt;/body&amp;gt;
&amp;lt;/html&amp;gt;. Output mismatching. Hence failing the test.">
      <![CDATA[java.lang.AssertionError: Expected response is Instances currently registered with Eureka. But received reponse = <!DOCTYPE html PUBLIC "-//W3C//DTD HTML 4.01 Transitional//EN" "http://www.w3.org/TR/html4/loose.dtd">
<html>
<head>
<base href="/hystrix">
<meta http-equiv="Content-Type" content="text/html; charset=ISO-8859-1">
<title>Hystrix Dashboard</title>

	<!-- Javascript to monitor and display -->
	<script src="/webjars/jquery/2.1.1/jquery.min.js" type="text/javascript"></script>
	
	<script>
		function sendToMonitor() {
			
			if($('#stream').val().length > 0) {
				var url = "/hystrix/monitor?stream=" + encodeURIComponent($('#stream').val()) + "";
				if($('#delay').val().length > 0) {	
					url += "&delay=" + $('#delay').val();
				}
				if($('#title').val().length > 0) {	
					url += "&title=" + encodeURIComponent($('#title').val());
				}
				location.href= url;
			} else {
				$('#message').html("The 'stream' value is required.");
			}
		}
	</script>
</head>
<body>
<div style="width:800px;margin:0 auto;">
	
	<center>
	<img width="264" height="233" src="/hystrix/images/hystrix-logo.png">
	<br>
	<br>
	
	<h2>Hystrix Dashboard</h2>
	<input id="stream" type="textfield" size="120" placeholder="http://hostname:port/turbine/turbine.stream"></input>
	<br><br>
	<i>Cluster via Turbine (default cluster):</i> http://turbine-hostname:port/turbine.stream
	<br>
	<i>Cluster via Turbine (custom cluster):</i> http://turbine-hostname:port/turbine.stream?cluster=[clusterName]
	<br>
	<i>Single Hystrix App:</i> http://hystrix-app:port/hystrix.stream
	<br><br>
	Delay: <input id="delay" type="textfield" size="10" placeholder="2000"></input>ms 
	&nbsp;&nbsp;&nbsp;&nbsp; 
	Title: <input id="title" type="textfield" size="60" placeholder="Example Hystrix App"></input><br>
	<br>
	<button onclick="sendToMonitor()">Monitor Stream</button>
	<br><br>
	<div id="message" style="color:red"></div>
	
	</center>
</div>
</body>
</html>. Output mismatching. Hence failing the test.
	at com.bluemeric.test.GenerateTest.getTest(Unknown Source)
	at com.bluemeric.test.RunTest.runTests(Unknown Source)
	at com.bluemeric.test.RunTest.main(Unknown Source)
... Removed 22 stack frames]]>
    </failure>
  </testcase> <!-- getTest -->
</testsuite> <!-- GET-Eureka -->
